#
# There is insufficient memory for the Java Runtime Environment to continue.
# Native memory allocation (malloc) failed to allocate 32744 bytes for ChunkPool::allocate
# Possible reasons:
#   The system is out of physical RAM or swap space
#   The process is running with CompressedOops enabled, and the Java Heap may be blocking the growth of the native heap
# Possible solutions:
#   Reduce memory load on the system
#   Increase physical memory or swap space
#   Check if swap backing store is full
#   Decrease Java heap size (-Xmx/-Xms)
#   Decrease number of Java threads
#   Decrease Java thread stack sizes (-Xss)
#   Set larger code cache with -XX:ReservedCodeCacheSize=
#   JVM is running with Unscaled Compressed Oops mode in which the Java heap is
#     placed in the first 4GB address space. The Java Heap base address is the
#     maximum limit for the native heap growth. Please use -XX:HeapBaseMinAddress
#     to set the Java Heap base and to place the Java Heap above 4GB virtual address.
# This output file may be truncated or incomplete.
#
#  Out of Memory Error (./src/hotspot/share/memory/arena.cpp:81), pid=27188, tid=14580
#
# JRE version: OpenJDK Runtime Environment (11.0.13) (build 11.0.13+0-b1751.21-8125866)
# Java VM: OpenJDK 64-Bit Server VM (11.0.13+0-b1751.21-8125866, mixed mode, tiered, compressed oops, g1 gc, windows-amd64)
# No core dump will be written. Minidumps are not enabled by default on client versions of Windows
#

---------------  S U M M A R Y ------------

Command Line: -Dorg.gradle.appname=gradlew org.gradle.wrapper.GradleWrapperMain -q -Ptarget-platform=android-arm64 -Ptarget=D:\Abgega Modified 2\abgegamodified\lib\main.dart -Pbase-application-name=android.app.Application -Pdart-defines=RkxVVFRFUl9XRUJfQVVUT19ERVRFQ1Q9dHJ1ZQ== -Pdart-obfuscation=false -Ptrack-widget-creation=true -Ptree-shake-icons=false -Pfilesystem-scheme=org-dartlang-root assembleDebug

Host: Intel(R) Core(TM) i7-8565U CPU @ 1.80GHz, 8 cores, 7G,  Windows 11 , 64 bit Build 22000 (10.0.22000.1219)
Time: Wed Dec  7 09:48:28 2022 Sudan Standard Time elapsed time: 34.655440 seconds (0d 0h 0m 34s)

---------------  T H R E A D  ---------------

Current thread (0x00000196d4480800):  JavaThread "C1 CompilerThread0" daemon [_thread_in_native, id=14580, stack(0x0000008c16a00000,0x0000008c16b00000)]


Current CompileTask:
C1:  34655 1245       3       sun.nio.cs.SingleByte$Encoder::encodeArrayLoop (233 bytes)

Stack: [0x0000008c16a00000,0x0000008c16b00000]
Native frames: (J=compiled Java code, j=interpreted, Vv=VM code, C=native code)
V  [jvm.dll+0x6100fa]
V  [jvm.dll+0x747090]
V  [jvm.dll+0x7486ad]
V  [jvm.dll+0x748d83]
V  [jvm.dll+0x24ab48]
V  [jvm.dll+0xc075b]
V  [jvm.dll+0xc0a0c]
V  [jvm.dll+0x16a6f5]
V  [jvm.dll+0x16a807]
V  [jvm.dll+0x16d04a]
V  [jvm.dll+0x16f074]
V  [jvm.dll+0x128d5c]
V  [jvm.dll+0x128869]
V  [jvm.dll+0x1289d3]
V  [jvm.dll+0x127ce7]
V  [jvm.dll+0x1298b7]
V  [jvm.dll+0x21106b]
V  [jvm.dll+0x20f8c1]
V  [jvm.dll+0x70de0f]
V  [jvm.dll+0x706a75]
V  [jvm.dll+0x60ed66]
C  [ucrtbase.dll+0x26c0c]
C  [KERNEL32.DLL+0x15550]
C  [ntdll.dll+0x485b]


---------------  P R O C E S S  ---------------

Threads class SMR info:
_java_thread_list=0x00000196d55a2e00, length=13, elements={
0x00000196b9870000, 0x00000196d3b2c000, 0x00000196d3b4e000, 0x00000196d3b6e800,
0x00000196d3b73800, 0x00000196d3b74800, 0x00000196d3b75800, 0x00000196d4480800,
0x00000196d4483800, 0x00000196d462d000, 0x00000196d514f800, 0x00000196d5479800,
0x00000196d547a000
}

Java Threads: ( => current thread )
  0x00000196b9870000 JavaThread "main" [_thread_in_native, id=28172, stack(0x0000008c15d00000,0x0000008c15e00000)]
  0x00000196d3b2c000 JavaThread "Reference Handler" daemon [_thread_blocked, id=17428, stack(0x0000008c16400000,0x0000008c16500000)]
  0x00000196d3b4e000 JavaThread "Finalizer" daemon [_thread_blocked, id=28516, stack(0x0000008c16500000,0x0000008c16600000)]
  0x00000196d3b6e800 JavaThread "Signal Dispatcher" daemon [_thread_blocked, id=16060, stack(0x0000008c16600000,0x0000008c16700000)]
  0x00000196d3b73800 JavaThread "Attach Listener" daemon [_thread_blocked, id=20660, stack(0x0000008c16700000,0x0000008c16800000)]
  0x00000196d3b74800 JavaThread "Service Thread" daemon [_thread_blocked, id=20264, stack(0x0000008c16800000,0x0000008c16900000)]
  0x00000196d3b75800 JavaThread "C2 CompilerThread0" daemon [_thread_in_native, id=17792, stack(0x0000008c16900000,0x0000008c16a00000)]
=>0x00000196d4480800 JavaThread "C1 CompilerThread0" daemon [_thread_in_native, id=14580, stack(0x0000008c16a00000,0x0000008c16b00000)]
  0x00000196d4483800 JavaThread "Sweeper thread" daemon [_thread_blocked, id=18828, stack(0x0000008c16b00000,0x0000008c16c00000)]
  0x00000196d462d000 JavaThread "Common-Cleaner" daemon [_thread_blocked, id=15640, stack(0x0000008c16d00000,0x0000008c16e00000)]
  0x00000196d514f800 JavaThread "pool-1-thread-1" [_thread_blocked, id=29164, stack(0x0000008c17100000,0x0000008c17200000)]
  0x00000196d5479800 JavaThread "DisconnectableInputStream source reader" daemon [_thread_in_native, id=25220, stack(0x0000008c17200000,0x0000008c17300000)]
  0x00000196d547a000 JavaThread "Forward input" [_thread_blocked, id=15192, stack(0x0000008c17300000,0x0000008c17400000)]

Other Threads:
  0x00000196d3b28000 VMThread "VM Thread" [stack: 0x0000008c16300000,0x0000008c16400000] [id=30000]
  0x00000196d4620800 WatcherThread [stack: 0x0000008c16c00000,0x0000008c16d00000] [id=12340]
  0x00000196b9886800 GCTaskThread "GC Thread#0" [stack: 0x0000008c15e00000,0x0000008c15f00000] [id=28968]
  0x00000196d5266000 GCTaskThread "GC Thread#1" [stack: 0x0000008c16f00000,0x0000008c17000000] [id=3224]
  0x00000196d51de800 GCTaskThread "GC Thread#2" [stack: 0x0000008c17000000,0x0000008c17100000] [id=12928]
  0x00000196b98b7800 ConcurrentGCThread "G1 Main Marker" [stack: 0x0000008c15f00000,0x0000008c16000000] [id=14548]
  0x00000196b98ba000 ConcurrentGCThread "G1 Conc#0" [stack: 0x0000008c16000000,0x0000008c16100000] [id=20112]
  0x00000196d3990800 ConcurrentGCThread "G1 Refine#0" [stack: 0x0000008c16100000,0x0000008c16200000] [id=13476]
  0x00000196d3994000 ConcurrentGCThread "G1 Young RemSet Sampling" [stack: 0x0000008c16200000,0x0000008c16300000] [id=27348]

Threads with active compile tasks:
C2 CompilerThread0  34741 1251       4       java.lang.String::toString (2 bytes)
C1 CompilerThread0  34741 1245       3       sun.nio.cs.SingleByte$Encoder::encodeArrayLoop (233 bytes)

VM state:not at safepoint (normal execution)

VM Mutex/Monitor currently owned by a thread: None

Heap address: 0x0000000083600000, size: 1994 MB, Compressed Oops mode: 32-bit
Narrow klass base: 0x0000000000000000, Narrow klass shift: 3
Compressed class space size: 1073741824 Address: 0x0000000100000000

Heap:
 garbage-first heap   total 129024K, used 24404K [0x0000000083600000, 0x0000000100000000)
  region size 1024K, 19 young (19456K), 3 survivors (3072K)
 Metaspace       used 14922K, capacity 15259K, committed 15488K, reserved 1064960K
  class space    used 1702K, capacity 1834K, committed 1920K, reserved 1048576K
Heap Regions: E=young(eden), S=young(survivor), O=old, HS=humongous(starts), HC=humongous(continues), CS=collection set, F=free, A=archive, TAMS=top-at-mark-start (previous, next)
|   0|0x0000000083600000, 0x0000000083600000, 0x0000000083700000|  0%| F|  |TAMS 0x0000000083600000, 0x0000000083600000| Untracked 
|   1|0x0000000083700000, 0x0000000083700000, 0x0000000083800000|  0%| F|  |TAMS 0x0000000083700000, 0x0000000083700000| Untracked 
|   2|0x0000000083800000, 0x0000000083800000, 0x0000000083900000|  0%| F|  |TAMS 0x0000000083800000, 0x0000000083800000| Untracked 
|   3|0x0000000083900000, 0x0000000083a00000, 0x0000000083a00000|100%|HS|  |TAMS 0x0000000083900000, 0x0000000083900000| Complete 
|   4|0x0000000083a00000, 0x0000000083b00000, 0x0000000083b00000|100%|HC|  |TAMS 0x0000000083a00000, 0x0000000083a00000| Complete 
|   5|0x0000000083b00000, 0x0000000083c00000, 0x0000000083c00000|100%|HC|  |TAMS 0x0000000083b00000, 0x0000000083b00000| Complete 
|   6|0x0000000083c00000, 0x0000000083d00000, 0x0000000083d00000|100%| O|  |TAMS 0x0000000083c00000, 0x0000000083c00000| Untracked 
|   7|0x0000000083d00000, 0x0000000083e00000, 0x0000000083e00000|100%| O|  |TAMS 0x0000000083d00000, 0x0000000083d00000| Untracked 
|   8|0x0000000083e00000, 0x0000000083ed5000, 0x0000000083f00000| 83%| O|  |TAMS 0x0000000083e00000, 0x0000000083e00000| Untracked 
|   9|0x0000000083f00000, 0x0000000083f00000, 0x0000000084000000|  0%| F|  |TAMS 0x0000000083f00000, 0x0000000083f00000| Untracked 
|  10|0x0000000084000000, 0x0000000084000000, 0x0000000084100000|  0%| F|  |TAMS 0x0000000084000000, 0x0000000084000000| Untracked 
|  11|0x0000000084100000, 0x0000000084100000, 0x0000000084200000|  0%| F|  |TAMS 0x0000000084100000, 0x0000000084100000| Untracked 
|  12|0x0000000084200000, 0x0000000084200000, 0x0000000084300000|  0%| F|  |TAMS 0x0000000084200000, 0x0000000084200000| Untracked 
|  13|0x0000000084300000, 0x0000000084300000, 0x0000000084400000|  0%| F|  |TAMS 0x0000000084300000, 0x0000000084300000| Untracked 
|  14|0x0000000084400000, 0x0000000084400000, 0x0000000084500000|  0%| F|  |TAMS 0x0000000084400000, 0x0000000084400000| Untracked 
|  15|0x0000000084500000, 0x0000000084500000, 0x0000000084600000|  0%| F|  |TAMS 0x0000000084500000, 0x0000000084500000| Untracked 
|  16|0x0000000084600000, 0x0000000084600000, 0x0000000084700000|  0%| F|  |TAMS 0x0000000084600000, 0x0000000084600000| Untracked 
|  17|0x0000000084700000, 0x0000000084700000, 0x0000000084800000|  0%| F|  |TAMS 0x0000000084700000, 0x0000000084700000| Untracked 
|  18|0x0000000084800000, 0x0000000084800000, 0x0000000084900000|  0%| F|  |TAMS 0x0000000084800000, 0x0000000084800000| Untracked 
|  19|0x0000000084900000, 0x0000000084900000, 0x0000000084a00000|  0%| F|  |TAMS 0x0000000084900000, 0x0000000084900000| Untracked 
|  20|0x0000000084a00000, 0x0000000084a00000, 0x0000000084b00000|  0%| F|  |TAMS 0x0000000084a00000, 0x0000000084a00000| Untracked 
|  21|0x0000000084b00000, 0x0000000084b00000, 0x0000000084c00000|  0%| F|  |TAMS 0x0000000084b00000, 0x0000000084b00000| Untracked 
|  22|0x0000000084c00000, 0x0000000084c00000, 0x0000000084d00000|  0%| F|  |TAMS 0x0000000084c00000, 0x0000000084c00000| Untracked 
|  23|0x0000000084d00000, 0x0000000084d00000, 0x0000000084e00000|  0%| F|  |TAMS 0x0000000084d00000, 0x0000000084d00000| Untracked 
|  24|0x0000000084e00000, 0x0000000084e00000, 0x0000000084f00000|  0%| F|  |TAMS 0x0000000084e00000, 0x0000000084e00000| Untracked 
|  25|0x0000000084f00000, 0x0000000084f00000, 0x0000000085000000|  0%| F|  |TAMS 0x0000000084f00000, 0x0000000084f00000| Untracked 
|  26|0x0000000085000000, 0x0000000085000000, 0x0000000085100000|  0%| F|  |TAMS 0x0000000085000000, 0x0000000085000000| Untracked 
|  27|0x0000000085100000, 0x0000000085100000, 0x0000000085200000|  0%| F|  |TAMS 0x0000000085100000, 0x0000000085100000| Untracked 
|  28|0x0000000085200000, 0x0000000085200000, 0x0000000085300000|  0%| F|  |TAMS 0x0000000085200000, 0x0000000085200000| Untracked 
|  29|0x0000000085300000, 0x0000000085300000, 0x0000000085400000|  0%| F|  |TAMS 0x0000000085300000, 0x0000000085300000| Untracked 
|  30|0x0000000085400000, 0x0000000085400000, 0x0000000085500000|  0%| F|  |TAMS 0x0000000085400000, 0x0000000085400000| Untracked 
|  31|0x0000000085500000, 0x0000000085500000, 0x0000000085600000|  0%| F|  |TAMS 0x0000000085500000, 0x0000000085500000| Untracked 
|  32|0x0000000085600000, 0x0000000085600000, 0x0000000085700000|  0%| F|  |TAMS 0x0000000085600000, 0x0000000085600000| Untracked 
|  33|0x0000000085700000, 0x0000000085700000, 0x0000000085800000|  0%| F|  |TAMS 0x0000000085700000, 0x0000000085700000| Untracked 
|  34|0x0000000085800000, 0x0000000085800000, 0x0000000085900000|  0%| F|  |TAMS 0x0000000085800000, 0x0000000085800000| Untracked 
|  35|0x0000000085900000, 0x0000000085900000, 0x0000000085a00000|  0%| F|  |TAMS 0x0000000085900000, 0x0000000085900000| Untracked 
|  36|0x0000000085a00000, 0x0000000085a00000, 0x0000000085b00000|  0%| F|  |TAMS 0x0000000085a00000, 0x0000000085a00000| Untracked 
|  37|0x0000000085b00000, 0x0000000085b00000, 0x0000000085c00000|  0%| F|  |TAMS 0x0000000085b00000, 0x0000000085b00000| Untracked 
|  38|0x0000000085c00000, 0x0000000085c00000, 0x0000000085d00000|  0%| F|  |TAMS 0x0000000085c00000, 0x0000000085c00000| Untracked 
|  39|0x0000000085d00000, 0x0000000085d00000, 0x0000000085e00000|  0%| F|  |TAMS 0x0000000085d00000, 0x0000000085d00000| Untracked 
|  40|0x0000000085e00000, 0x0000000085e00000, 0x0000000085f00000|  0%| F|  |TAMS 0x0000000085e00000, 0x0000000085e00000| Untracked 
|  41|0x0000000085f00000, 0x0000000085f00000, 0x0000000086000000|  0%| F|  |TAMS 0x0000000085f00000, 0x0000000085f00000| Untracked 
|  42|0x0000000086000000, 0x0000000086000000, 0x0000000086100000|  0%| F|  |TAMS 0x0000000086000000, 0x0000000086000000| Untracked 
|  43|0x0000000086100000, 0x0000000086100000, 0x0000000086200000|  0%| F|  |TAMS 0x0000000086100000, 0x0000000086100000| Untracked 
|  44|0x0000000086200000, 0x0000000086200000, 0x0000000086300000|  0%| F|  |TAMS 0x0000000086200000, 0x0000000086200000| Untracked 
|  45|0x0000000086300000, 0x0000000086300000, 0x0000000086400000|  0%| F|  |TAMS 0x0000000086300000, 0x0000000086300000| Untracked 
|  46|0x0000000086400000, 0x0000000086400000, 0x0000000086500000|  0%| F|  |TAMS 0x0000000086400000, 0x0000000086400000| Untracked 
|  47|0x0000000086500000, 0x0000000086500000, 0x0000000086600000|  0%| F|  |TAMS 0x0000000086500000, 0x0000000086500000| Untracked 
|  48|0x0000000086600000, 0x0000000086600000, 0x0000000086700000|  0%| F|  |TAMS 0x0000000086600000, 0x0000000086600000| Untracked 
|  49|0x0000000086700000, 0x0000000086700000, 0x0000000086800000|  0%| F|  |TAMS 0x0000000086700000, 0x0000000086700000| Untracked 
|  50|0x0000000086800000, 0x0000000086800000, 0x0000000086900000|  0%| F|  |TAMS 0x0000000086800000, 0x0000000086800000| Untracked 
|  51|0x0000000086900000, 0x0000000086900000, 0x0000000086a00000|  0%| F|  |TAMS 0x0000000086900000, 0x0000000086900000| Untracked 
|  52|0x0000000086a00000, 0x0000000086a00000, 0x0000000086b00000|  0%| F|  |TAMS 0x0000000086a00000, 0x0000000086a00000| Untracked 
|  53|0x0000000086b00000, 0x0000000086b00000, 0x0000000086c00000|  0%| F|  |TAMS 0x0000000086b00000, 0x0000000086b00000| Untracked 
|  54|0x0000000086c00000, 0x0000000086c00000, 0x0000000086d00000|  0%| F|  |TAMS 0x0000000086c00000, 0x0000000086c00000| Untracked 
|  55|0x0000000086d00000, 0x0000000086d00000, 0x0000000086e00000|  0%| F|  |TAMS 0x0000000086d00000, 0x0000000086d00000| Untracked 
|  56|0x0000000086e00000, 0x0000000086e00000, 0x0000000086f00000|  0%| F|  |TAMS 0x0000000086e00000, 0x0000000086e00000| Untracked 
|  57|0x0000000086f00000, 0x0000000086f00000, 0x0000000087000000|  0%| F|  |TAMS 0x0000000086f00000, 0x0000000086f00000| Untracked 
|  58|0x0000000087000000, 0x0000000087000000, 0x0000000087100000|  0%| F|  |TAMS 0x0000000087000000, 0x0000000087000000| Untracked 
|  59|0x0000000087100000, 0x0000000087100000, 0x0000000087200000|  0%| F|  |TAMS 0x0000000087100000, 0x0000000087100000| Untracked 
|  60|0x0000000087200000, 0x0000000087200000, 0x0000000087300000|  0%| F|  |TAMS 0x0000000087200000, 0x0000000087200000| Untracked 
|  61|0x0000000087300000, 0x0000000087300000, 0x0000000087400000|  0%| F|  |TAMS 0x0000000087300000, 0x0000000087300000| Untracked 
|  62|0x0000000087400000, 0x0000000087400000, 0x0000000087500000|  0%| F|  |TAMS 0x0000000087400000, 0x0000000087400000| Untracked 
|  63|0x0000000087500000, 0x0000000087500000, 0x0000000087600000|  0%| F|  |TAMS 0x0000000087500000, 0x0000000087500000| Untracked 
|  64|0x0000000087600000, 0x0000000087600000, 0x0000000087700000|  0%| F|  |TAMS 0x0000000087600000, 0x0000000087600000| Untracked 
|  65|0x0000000087700000, 0x0000000087700000, 0x0000000087800000|  0%| F|  |TAMS 0x0000000087700000, 0x0000000087700000| Untracked 
|  66|0x0000000087800000, 0x0000000087800000, 0x0000000087900000|  0%| F|  |TAMS 0x0000000087800000, 0x0000000087800000| Untracked 
|  67|0x0000000087900000, 0x0000000087900000, 0x0000000087a00000|  0%| F|  |TAMS 0x0000000087900000, 0x0000000087900000| Untracked 
|  68|0x0000000087a00000, 0x0000000087a00000, 0x0000000087b00000|  0%| F|  |TAMS 0x0000000087a00000, 0x0000000087a00000| Untracked 
|  69|0x0000000087b00000, 0x0000000087b00000, 0x0000000087c00000|  0%| F|  |TAMS 0x0000000087b00000, 0x0000000087b00000| Untracked 
|  70|0x0000000087c00000, 0x0000000087c00000, 0x0000000087d00000|  0%| F|  |TAMS 0x0000000087c00000, 0x0000000087c00000| Untracked 
|  71|0x0000000087d00000, 0x0000000087d00000, 0x0000000087e00000|  0%| F|  |TAMS 0x0000000087d00000, 0x0000000087d00000| Untracked 
|  72|0x0000000087e00000, 0x0000000087e00000, 0x0000000087f00000|  0%| F|  |TAMS 0x0000000087e00000, 0x0000000087e00000| Untracked 
|  73|0x0000000087f00000, 0x0000000087f00000, 0x0000000088000000|  0%| F|  |TAMS 0x0000000087f00000, 0x0000000087f00000| Untracked 
|  74|0x0000000088000000, 0x0000000088000000, 0x0000000088100000|  0%| F|  |TAMS 0x0000000088000000, 0x0000000088000000| Untracked 
|  75|0x0000000088100000, 0x0000000088100000, 0x0000000088200000|  0%| F|  |TAMS 0x0000000088100000, 0x0000000088100000| Untracked 
|  76|0x0000000088200000, 0x0000000088200000, 0x0000000088300000|  0%| F|  |TAMS 0x0000000088200000, 0x0000000088200000| Untracked 
|  77|0x0000000088300000, 0x0000000088300000, 0x0000000088400000|  0%| F|  |TAMS 0x0000000088300000, 0x0000000088300000| Untracked 
|  78|0x0000000088400000, 0x0000000088400000, 0x0000000088500000|  0%| F|  |TAMS 0x0000000088400000, 0x0000000088400000| Untracked 
|  79|0x0000000088500000, 0x0000000088500000, 0x0000000088600000|  0%| F|  |TAMS 0x0000000088500000, 0x0000000088500000| Untracked 
|  80|0x0000000088600000, 0x0000000088600000, 0x0000000088700000|  0%| F|  |TAMS 0x0000000088600000, 0x0000000088600000| Untracked 
|  81|0x0000000088700000, 0x0000000088700000, 0x0000000088800000|  0%| F|  |TAMS 0x0000000088700000, 0x0000000088700000| Untracked 
|  82|0x0000000088800000, 0x0000000088800000, 0x0000000088900000|  0%| F|  |TAMS 0x0000000088800000, 0x0000000088800000| Untracked 
|  83|0x0000000088900000, 0x0000000088900000, 0x0000000088a00000|  0%| F|  |TAMS 0x0000000088900000, 0x0000000088900000| Untracked 
|  84|0x0000000088a00000, 0x0000000088a00000, 0x0000000088b00000|  0%| F|  |TAMS 0x0000000088a00000, 0x0000000088a00000| Untracked 
|  85|0x0000000088b00000, 0x0000000088b00000, 0x0000000088c00000|  0%| F|  |TAMS 0x0000000088b00000, 0x0000000088b00000| Untracked 
|  86|0x0000000088c00000, 0x0000000088c00000, 0x0000000088d00000|  0%| F|  |TAMS 0x0000000088c00000, 0x0000000088c00000| Untracked 
|  87|0x0000000088d00000, 0x0000000088d00000, 0x0000000088e00000|  0%| F|  |TAMS 0x0000000088d00000, 0x0000000088d00000| Untracked 
|  88|0x0000000088e00000, 0x0000000088e00000, 0x0000000088f00000|  0%| F|  |TAMS 0x0000000088e00000, 0x0000000088e00000| Untracked 
|  89|0x0000000088f00000, 0x0000000088f00000, 0x0000000089000000|  0%| F|  |TAMS 0x0000000088f00000, 0x0000000088f00000| Untracked 
|  90|0x0000000089000000, 0x0000000089000000, 0x0000000089100000|  0%| F|  |TAMS 0x0000000089000000, 0x0000000089000000| Untracked 
|  91|0x0000000089100000, 0x0000000089100000, 0x0000000089200000|  0%| F|  |TAMS 0x0000000089100000, 0x0000000089100000| Untracked 
|  92|0x0000000089200000, 0x0000000089200000, 0x0000000089300000|  0%| F|  |TAMS 0x0000000089200000, 0x0000000089200000| Untracked 
|  93|0x0000000089300000, 0x0000000089300000, 0x0000000089400000|  0%| F|  |TAMS 0x0000000089300000, 0x0000000089300000| Untracked 
|  94|0x0000000089400000, 0x0000000089400000, 0x0000000089500000|  0%| F|  |TAMS 0x0000000089400000, 0x0000000089400000| Untracked 
|  95|0x0000000089500000, 0x0000000089500000, 0x0000000089600000|  0%| F|  |TAMS 0x0000000089500000, 0x0000000089500000| Untracked 
|  96|0x0000000089600000, 0x0000000089600000, 0x0000000089700000|  0%| F|  |TAMS 0x0000000089600000, 0x0000000089600000| Untracked 
|  97|0x0000000089700000, 0x0000000089700000, 0x0000000089800000|  0%| F|  |TAMS 0x0000000089700000, 0x0000000089700000| Untracked 
|  98|0x0000000089800000, 0x0000000089800000, 0x0000000089900000|  0%| F|  |TAMS 0x0000000089800000, 0x0000000089800000| Untracked 
|  99|0x0000000089900000, 0x0000000089a00000, 0x0000000089a00000|100%| S|CS|TAMS 0x0000000089900000, 0x0000000089900000| Complete 
| 100|0x0000000089a00000, 0x0000000089b00000, 0x0000000089b00000|100%| S|CS|TAMS 0x0000000089a00000, 0x0000000089a00000| Complete 
| 101|0x0000000089b00000, 0x0000000089c00000, 0x0000000089c00000|100%| S|CS|TAMS 0x0000000089b00000, 0x0000000089b00000| Complete 
| 102|0x0000000089c00000, 0x0000000089c00000, 0x0000000089d00000|  0%| F|  |TAMS 0x0000000089c00000, 0x0000000089c00000| Untracked 
| 103|0x0000000089d00000, 0x0000000089d00000, 0x0000000089e00000|  0%| F|  |TAMS 0x0000000089d00000, 0x0000000089d00000| Untracked 
| 104|0x0000000089e00000, 0x0000000089e00000, 0x0000000089f00000|  0%| F|  |TAMS 0x0000000089e00000, 0x0000000089e00000| Untracked 
| 105|0x0000000089f00000, 0x0000000089f00000, 0x000000008a000000|  0%| F|  |TAMS 0x0000000089f00000, 0x0000000089f00000| Untracked 
| 106|0x000000008a000000, 0x000000008a000000, 0x000000008a100000|  0%| F|  |TAMS 0x000000008a000000, 0x000000008a000000| Untracked 
| 107|0x000000008a100000, 0x000000008a100000, 0x000000008a200000|  0%| F|  |TAMS 0x000000008a100000, 0x000000008a100000| Untracked 
| 108|0x000000008a200000, 0x000000008a200000, 0x000000008a300000|  0%| F|  |TAMS 0x000000008a200000, 0x000000008a200000| Untracked 
| 109|0x000000008a300000, 0x000000008a300000, 0x000000008a400000|  0%| F|  |TAMS 0x000000008a300000, 0x000000008a300000| Untracked 
| 110|0x000000008a400000, 0x000000008a500000, 0x000000008a500000|100%| E|  |TAMS 0x000000008a400000, 0x000000008a400000| Complete 
| 111|0x000000008a500000, 0x000000008a600000, 0x000000008a600000|100%| E|CS|TAMS 0x000000008a500000, 0x000000008a500000| Complete 
| 112|0x000000008a600000, 0x000000008a700000, 0x000000008a700000|100%| E|CS|TAMS 0x000000008a600000, 0x000000008a600000| Complete 
| 113|0x000000008a700000, 0x000000008a800000, 0x000000008a800000|100%| E|CS|TAMS 0x000000008a700000, 0x000000008a700000| Complete 
| 114|0x000000008a800000, 0x000000008a900000, 0x000000008a900000|100%| E|CS|TAMS 0x000000008a800000, 0x000000008a800000| Complete 
| 115|0x000000008a900000, 0x000000008aa00000, 0x000000008aa00000|100%| E|CS|TAMS 0x000000008a900000, 0x000000008a900000| Complete 
| 116|0x000000008aa00000, 0x000000008ab00000, 0x000000008ab00000|100%| E|CS|TAMS 0x000000008aa00000, 0x000000008aa00000| Complete 
| 117|0x000000008ab00000, 0x000000008ac00000, 0x000000008ac00000|100%| E|CS|TAMS 0x000000008ab00000, 0x000000008ab00000| Complete 
| 118|0x000000008ac00000, 0x000000008ad00000, 0x000000008ad00000|100%| E|CS|TAMS 0x000000008ac00000, 0x000000008ac00000| Complete 
| 119|0x000000008ad00000, 0x000000008ae00000, 0x000000008ae00000|100%| E|CS|TAMS 0x000000008ad00000, 0x000000008ad00000| Complete 
| 120|0x000000008ae00000, 0x000000008af00000, 0x000000008af00000|100%| E|CS|TAMS 0x000000008ae00000, 0x000000008ae00000| Complete 
| 121|0x000000008af00000, 0x000000008b000000, 0x000000008b000000|100%| E|CS|TAMS 0x000000008af00000, 0x000000008af00000| Complete 
| 122|0x000000008b000000, 0x000000008b100000, 0x000000008b100000|100%| E|CS|TAMS 0x000000008b000000, 0x000000008b000000| Complete 
| 123|0x000000008b100000, 0x000000008b200000, 0x000000008b200000|100%| E|CS|TAMS 0x000000008b100000, 0x000000008b100000| Complete 
| 124|0x000000008b200000, 0x000000008b300000, 0x000000008b300000|100%| E|CS|TAMS 0x000000008b200000, 0x000000008b200000| Complete 
| 125|0x000000008b300000, 0x000000008b400000, 0x000000008b400000|100%| E|CS|TAMS 0x000000008b300000, 0x000000008b300000| Complete 

Card table byte_map: [0x00000196ccac0000,0x00000196cceb0000] _byte_map_base: 0x00000196cc6a5000

Marking Bits (Prev, Next): (CMBitMap*) 0x00000196b98aeea8, (CMBitMap*) 0x00000196b98aeee0
 Prev Bits: [0x00000196cd2a0000, 0x00000196cf1c8000)
 Next Bits: [0x00000196cf1d0000, 0x00000196d10f8000)

Polling page: 0x00000196b7810000

Metaspace:

Usage:
  Non-class:     13.11 MB capacity,    12.91 MB ( 98%) used,   184.33 KB (  1%) free+waste,    20.81 KB ( <1%) overhead. 
      Class:      1.79 MB capacity,     1.66 MB ( 93%) used,   121.43 KB (  7%) free+waste,    10.25 KB ( <1%) overhead. 
       Both:     14.90 MB capacity,    14.57 MB ( 98%) used,   305.76 KB (  2%) free+waste,    31.06 KB ( <1%) overhead. 

Virtual space:
  Non-class space:       16.00 MB reserved,      13.25 MB ( 83%) committed 
      Class space:        1.00 GB reserved,       1.88 MB ( <1%) committed 
             Both:        1.02 GB reserved,      15.13 MB (  1%) committed 

Chunk freelists:
   Non-Class:  15.00 KB
       Class:  22.00 KB
        Both:  37.00 KB

MaxMetaspaceSize: 17179869184.00 GB
CompressedClassSpaceSize: 1.00 GB
Initial GC threshold: 20.80 MB
Current GC threshold: 20.80 MB
CDS: off

CodeHeap 'non-profiled nmethods': size=120000Kb used=466Kb max_used=466Kb free=119533Kb
 bounds [0x00000196c4e60000, 0x00000196c50d0000, 0x00000196cc390000]
CodeHeap 'profiled nmethods': size=120000Kb used=2245Kb max_used=2245Kb free=117754Kb
 bounds [0x00000196bd930000, 0x00000196bdba0000, 0x00000196c4e60000]
CodeHeap 'non-nmethods': size=5760Kb used=1156Kb max_used=1168Kb free=4603Kb
 bounds [0x00000196bd390000, 0x00000196bd600000, 0x00000196bd930000]
 total_blobs=1661 nmethods=1244 adapters=330
 compilation: enabled
              stopped_count=0, restarted_count=0
 full_count=0

Compilation events (20 events):
Event: 34.558 Thread 0x00000196d4480800 nmethod 1236 0x00000196bdb5e490 code [0x00000196bdb5e640, 0x00000196bdb5e868]
Event: 34.558 Thread 0x00000196d4480800 1237       3       sun.nio.cs.StreamEncoder::ensureOpen (18 bytes)
Event: 34.558 Thread 0x00000196d4480800 nmethod 1237 0x00000196bdb5e910 code [0x00000196bdb5eae0, 0x00000196bdb5ece8]
Event: 34.558 Thread 0x00000196d4480800 1238       3       java.io.PrintStream::ensureOpen (18 bytes)
Event: 34.558 Thread 0x00000196d4480800 nmethod 1238 0x00000196bdb5ee10 code [0x00000196bdb5efe0, 0x00000196bdb5f1e8]
Event: 34.558 Thread 0x00000196d4480800 1239  s    3       java.io.BufferedOutputStream::flush (12 bytes)
Event: 34.559 Thread 0x00000196d4480800 nmethod 1239 0x00000196bdb5f310 code [0x00000196bdb5f4e0, 0x00000196bdb5f978]
Event: 34.559 Thread 0x00000196d4480800 1240       3       java.io.OutputStream::flush (1 bytes)
Event: 34.559 Thread 0x00000196d4480800 nmethod 1240 0x00000196bdb5fa90 code [0x00000196bdb5fc40, 0x00000196bdb5fd38]
Event: 34.559 Thread 0x00000196d4480800 1241       3       org.gradle.internal.logging.text.AbstractStyledTextOutput::text (19 bytes)
Event: 34.560 Thread 0x00000196d4480800 nmethod 1241 0x00000196bdb5fe10 code [0x00000196bdb5ffe0, 0x00000196bdb602d8]
Event: 34.560 Thread 0x00000196d4480800 1242       3       org.gradle.internal.logging.events.CategorisedOutputEvent::<init> (21 bytes)
Event: 34.560 Thread 0x00000196d4480800 nmethod 1242 0x00000196bdb60410 code [0x00000196bdb605e0, 0x00000196bdb60858]
Event: 34.560 Thread 0x00000196d3b75800 nmethod 1235 0x00000196c4ed4610 code [0x00000196c4ed47c0, 0x00000196c4ed48e8]
Event: 34.560 Thread 0x00000196d4480800 1244       3       java.lang.reflect.Method::invoke (65 bytes)
Event: 34.561 Thread 0x00000196d4480800 nmethod 1244 0x00000196bdb60990 code [0x00000196bdb60ba0, 0x00000196bdb60fd8]
Event: 34.561 Thread 0x00000196d4480800 1243       3       org.gradle.internal.logging.serializer.StyledTextOutputEventSerializer::read (6 bytes)
Event: 34.561 Thread 0x00000196d4480800 nmethod 1243 0x00000196bdb61190 code [0x00000196bdb61340, 0x00000196bdb61488]
Event: 34.635 Thread 0x00000196d4480800 1245       3       sun.nio.cs.SingleByte$Encoder::encodeArrayLoop (233 bytes)
Event: 34.639 Thread 0x00000196d3b75800 1251       4       java.lang.String::toString (2 bytes)

GC Heap History (2 events):
Event: 6.841 GC heap before
{Heap before GC invocations=0 (full 0):
 garbage-first heap   total 129024K, used 29696K [0x0000000083600000, 0x0000000100000000)
  region size 1024K, 24 young (24576K), 0 survivors (0K)
 Metaspace       used 10413K, capacity 10662K, committed 11008K, reserved 1058816K
  class space    used 1072K, capacity 1172K, committed 1280K, reserved 1048576K
}
Event: 6.853 GC heap after
{Heap after GC invocations=1 (full 0):
 garbage-first heap   total 129024K, used 9044K [0x0000000083600000, 0x0000000100000000)
  region size 1024K, 3 young (3072K), 3 survivors (3072K)
 Metaspace       used 10413K, capacity 10662K, committed 11008K, reserved 1058816K
  class space    used 1072K, capacity 1172K, committed 1280K, reserved 1048576K
}

Deoptimization events (20 events):
Event: 6.983 Thread 0x00000196b9870000 DEOPT PACKING pc=0x00000196c4e95898 sp=0x0000008c15dfb200
Event: 6.983 Thread 0x00000196b9870000 DEOPT UNPACKING pc=0x00000196bd3da1af sp=0x0000008c15dfb190 mode 2
Event: 7.363 Thread 0x00000196b9870000 DEOPT PACKING pc=0x00000196bda11130 sp=0x0000008c15df8a30
Event: 7.363 Thread 0x00000196b9870000 DEOPT UNPACKING pc=0x00000196bd3da95e sp=0x0000008c15df7f48 mode 0
Event: 7.379 Thread 0x00000196b9870000 Uncommon trap: trap_request=0xffffff4d fr.pc=0x00000196c4eb77e0 relative=0x00000000000001a0
Event: 7.379 Thread 0x00000196b9870000 Uncommon trap: reason=unstable_if action=reinterpret pc=0x00000196c4eb77e0 method=java.util.HashMap.getNode(ILjava/lang/Object;)Ljava/util/HashMap$Node; @ 129 c2
Event: 7.379 Thread 0x00000196b9870000 DEOPT PACKING pc=0x00000196c4eb77e0 sp=0x0000008c15dfa800
Event: 7.379 Thread 0x00000196b9870000 DEOPT UNPACKING pc=0x00000196bd3da1af sp=0x0000008c15dfa700 mode 2
Event: 8.212 Thread 0x00000196b9870000 Uncommon trap: trap_request=0xffffff4d fr.pc=0x00000196c4ebdf48 relative=0x0000000000001a68
Event: 8.212 Thread 0x00000196b9870000 Uncommon trap: reason=unstable_if action=reinterpret pc=0x00000196c4ebdf48 method=java.io.WinNTFileSystem.normalize(Ljava/lang/String;)Ljava/lang/String; @ 128 c2
Event: 8.212 Thread 0x00000196b9870000 DEOPT PACKING pc=0x00000196c4ebdf48 sp=0x0000008c15dfa330
Event: 8.212 Thread 0x00000196b9870000 DEOPT UNPACKING pc=0x00000196bd3da1af sp=0x0000008c15dfa308 mode 2
Event: 9.438 Thread 0x00000196b9870000 Uncommon trap: trap_request=0xffffff4d fr.pc=0x00000196c4e99310 relative=0x0000000000000550
Event: 9.438 Thread 0x00000196b9870000 Uncommon trap: reason=unstable_if action=reinterpret pc=0x00000196c4e99310 method=java.lang.AbstractStringBuilder.append(Ljava/lang/String;)Ljava/lang/AbstractStringBuilder; @ 1 c2
Event: 9.438 Thread 0x00000196b9870000 DEOPT PACKING pc=0x00000196c4e99310 sp=0x0000008c15dfc6a0
Event: 9.438 Thread 0x00000196b9870000 DEOPT UNPACKING pc=0x00000196bd3da1af sp=0x0000008c15dfc620 mode 2
Event: 9.439 Thread 0x00000196b9870000 Uncommon trap: trap_request=0xffffff4d fr.pc=0x00000196c4e9a1e4 relative=0x0000000000000524
Event: 9.439 Thread 0x00000196b9870000 Uncommon trap: reason=unstable_if action=reinterpret pc=0x00000196c4e9a1e4 method=java.lang.AbstractStringBuilder.append(Ljava/lang/String;)Ljava/lang/AbstractStringBuilder; @ 1 c2
Event: 9.439 Thread 0x00000196b9870000 DEOPT PACKING pc=0x00000196c4e9a1e4 sp=0x0000008c15dfc640
Event: 9.439 Thread 0x00000196b9870000 DEOPT UNPACKING pc=0x00000196bd3da1af sp=0x0000008c15dfc628 mode 2

Classes redefined (0 events):
No events

Internal exceptions (14 events):
Event: 1.128 Thread 0x00000196b9870000 Exception <a 'java/lang/NoSuchMethodError'{0x000000008b29f450}: 'int java.lang.invoke.DirectMethodHandle$Holder.invokeSpecialIFC(java.lang.Object, java.lang.Object, int)'> (0x000000008b29f450) thrown at [./src/hotspot/share/interpreter/linkResolver.cpp, line 773]
Event: 1.552 Thread 0x00000196b9870000 Exception <a 'java/lang/NoSuchMethodError'{0x000000008b024be0}: 'int java.lang.invoke.DirectMethodHandle$Holder.invokeStaticInit(java.lang.Object, java.lang.Object)'> (0x000000008b024be0) thrown at [./src/hotspot/share/interpreter/linkResolver.cpp, line 773]
Event: 2.725 Thread 0x00000196b9870000 Exception <a 'java/lang/NoSuchMethodError'{0x000000008b0ef328}: 'int java.lang.invoke.DirectMethodHandle$Holder.invokeSpecial(java.lang.Object, java.lang.Object, java.lang.Object, java.lang.Object)'> (0x000000008b0ef328) thrown at [./src/hotspot/share/interpreter/linkResolver.cpp, line 773]
Event: 6.718 Thread 0x00000196b9870000 Implicit null exception at 0x00000196c4ea41f5 to 0x00000196c4ea43cc
Event: 6.774 Thread 0x00000196b9870000 Exception <a 'java/lang/NoClassDefFoundError'{0x0000000089d52d18}: org/slf4j/impl/StaticMarkerBinder> (0x0000000089d52d18) thrown at [./src/hotspot/share/classfile/systemDictionary.cpp, line 220]
Event: 6.811 Thread 0x00000196b9870000 Exception <a 'java/lang/NoSuchMethodError'{0x0000000089c41898}: 'java.lang.Object java.lang.invoke.DirectMethodHandle$Holder.invokeVirtual(java.lang.Object, java.lang.Object, java.lang.Object, java.lang.Object, java.lang.Object, java.lang.Object, java.lang.Object)'> (0x0000000089c41898) thrown at [./src/hotspot/share/interpreter/linkResolver.cpp, line 773]
Event: 6.815 Thread 0x00000196b9870000 Exception <a 'java/lang/NoSuchMethodError'{0x0000000089c55958}: 'java.lang.Object java.lang.invoke.Invokers$Holder.invoker(java.lang.Object, java.lang.Object, java.lang.Object)'> (0x0000000089c55958) thrown at [./src/hotspot/share/interpreter/linkResolver.cpp, line 773]
Event: 6.821 Thread 0x00000196b9870000 Exception <a 'java/lang/NoSuchMethodError'{0x0000000089c665d8}: 'void java.lang.invoke.DelegatingMethodHandle$Holder.delegate(java.lang.Object, java.lang.Object, int, java.lang.Object)'> (0x0000000089c665d8) thrown at [./src/hotspot/share/interpreter/linkResolver.cpp, line 773]
Event: 7.093 Thread 0x00000196b9870000 Exception <a 'java/lang/NoSuchMethodError'{0x000000008ae7cb00}: 'java.lang.Object java.lang.invoke.DirectMethodHandle$Holder.invokeInterface(java.lang.Object, java.lang.Object, java.lang.Object)'> (0x000000008ae7cb00) thrown at [./src/hotspot/share/interpreter/linkResolver.cpp, line 773]
Event: 7.237 Thread 0x00000196b9870000 Exception <a 'java/lang/NoSuchMethodError'{0x000000008ab0a3e0}: 'java.lang.Object java.lang.invoke.DirectMethodHandle$Holder.invokeStaticInit(java.lang.Object, java.lang.Object, java.lang.Object)'> (0x000000008ab0a3e0) thrown at [./src/hotspot/share/interpreter/linkResolver.cpp, line 773]
Event: 7.427 Thread 0x00000196b9870000 Exception <a 'java/lang/NoSuchMethodError'{0x000000008a7ccd80}: 'java.lang.Object java.lang.invoke.DirectMethodHandle$Holder.invokeStaticInit(java.lang.Object, int, int, int, int)'> (0x000000008a7ccd80) thrown at [./src/hotspot/share/interpreter/linkResolver.cpp, line 773]
Event: 8.226 Thread 0x00000196b9870000 Exception <a 'java/lang/NoSuchMethodError'{0x000000008a601c10}: 'java.lang.Object java.lang.invoke.DirectMethodHandle$Holder.invokeStaticInit(java.lang.Object, java.lang.Object, int, int, int, int)'> (0x000000008a601c10) thrown at [./src/hotspot/share/interpreter/linkResolver.cpp, line 773]
Event: 9.438 Thread 0x00000196b9870000 Implicit null exception at 0x00000196c4e98df4 to 0x00000196c4e992f8
Event: 9.439 Thread 0x00000196b9870000 Implicit null exception at 0x00000196c4e99cf4 to 0x00000196c4e9a1cc

Events (20 events):
Event: 13.954 loading class jdk/internal/reflect/Label
Event: 13.954 loading class jdk/internal/reflect/Label done
Event: 13.954 loading class jdk/internal/reflect/Label$PatchInfo
Event: 13.954 loading class jdk/internal/reflect/Label$PatchInfo done
Event: 13.955 loading class jdk/internal/reflect/MethodAccessorGenerator$1
Event: 13.955 loading class jdk/internal/reflect/MethodAccessorGenerator$1 done
Event: 13.955 loading class jdk/internal/reflect/ClassDefiner
Event: 13.955 loading class jdk/internal/reflect/ClassDefiner done
Event: 13.955 loading class jdk/internal/reflect/ClassDefiner$1
Event: 13.955 loading class jdk/internal/reflect/ClassDefiner$1 done
Event: 34.366 loading class com/google/common/collect/CollectPreconditions
Event: 34.366 loading class com/google/common/collect/CollectPreconditions done
Event: 34.414 loading class org/gradle/internal/logging/events/StyledTextOutputEvent$Span
Event: 34.414 loading class org/gradle/internal/logging/events/StyledTextOutputEvent$Span done
Event: 34.415 loading class org/gradle/internal/logging/events/operations/StyledTextBuildOperationProgressDetails$Span
Event: 34.415 loading class org/gradle/internal/logging/events/operations/StyledTextBuildOperationProgressDetails$Span done
Event: 34.415 loading class org/gradle/internal/operations/logging/StyledTextBuildOperationProgressDetails$Span
Event: 34.415 loading class org/gradle/internal/operations/logging/StyledTextBuildOperationProgressDetails$Span done
Event: 34.430 loading class org/gradle/internal/logging/text/AbstractLineChoppingStyledTextOutput$StateContext
Event: 34.430 loading class org/gradle/internal/logging/text/AbstractLineChoppingStyledTextOutput$StateContext done


Dynamic libraries:
0x00007ff792710000 - 0x00007ff79271a000 	C:\Program Files\Android\Android Studio\jre\bin\java.exe
0x00007ffbf52a0000 - 0x00007ffbf54a9000 	C:\WINDOWS\SYSTEM32\ntdll.dll
0x00007ffbf4320000 - 0x00007ffbf43de000 	C:\WINDOWS\System32\KERNEL32.DLL
0x00007ffbf2c30000 - 0x00007ffbf2fab000 	C:\WINDOWS\System32\KERNELBASE.dll
0x00007ffbf2810000 - 0x00007ffbf2921000 	C:\WINDOWS\System32\ucrtbase.dll
0x00007ffbd3630000 - 0x00007ffbd3649000 	C:\Program Files\Android\Android Studio\jre\bin\jli.dll
0x00007ffbd5320000 - 0x00007ffbd5337000 	C:\Program Files\Android\Android Studio\jre\bin\VCRUNTIME140.dll
0x00007ffbf3240000 - 0x00007ffbf33ed000 	C:\WINDOWS\System32\USER32.dll
0x00007ffbf29a0000 - 0x00007ffbf29c6000 	C:\WINDOWS\System32\win32u.dll
0x00007ffbf3540000 - 0x00007ffbf3569000 	C:\WINDOWS\System32\GDI32.dll
0x00007ffbf29d0000 - 0x00007ffbf2ae8000 	C:\WINDOWS\System32\gdi32full.dll
0x00007ffbdbf40000 - 0x00007ffbdc1e5000 	C:\WINDOWS\WinSxS\amd64_microsoft.windows.common-controls_6595b64144ccf1df_6.0.22000.120_none_9d947278b86cc467\COMCTL32.dll
0x00007ffbf2770000 - 0x00007ffbf280d000 	C:\WINDOWS\System32\msvcp_win.dll
0x00007ffbf3f20000 - 0x00007ffbf3fc3000 	C:\WINDOWS\System32\msvcrt.dll
0x00007ffbf4980000 - 0x00007ffbf49b2000 	C:\WINDOWS\System32\IMM32.DLL
0x00007ffbd1310000 - 0x00007ffbd13ad000 	C:\Program Files\Android\Android Studio\jre\bin\msvcp140.dll
0x00007ffb84b10000 - 0x00007ffb85612000 	C:\Program Files\Android\Android Studio\jre\bin\server\jvm.dll
0x00007ffbf51b0000 - 0x00007ffbf525e000 	C:\WINDOWS\System32\ADVAPI32.dll
0x00007ffbf44d0000 - 0x00007ffbf456e000 	C:\WINDOWS\System32\sechost.dll
0x00007ffbf4570000 - 0x00007ffbf4690000 	C:\WINDOWS\System32\RPCRT4.dll
0x00007ffbf3180000 - 0x00007ffbf3188000 	C:\WINDOWS\System32\PSAPI.DLL
0x00007ffbcfd60000 - 0x00007ffbcfd69000 	C:\WINDOWS\SYSTEM32\WSOCK32.dll
0x00007ffbf0310000 - 0x00007ffbf0343000 	C:\WINDOWS\SYSTEM32\WINMM.dll
0x00007ffbe3da0000 - 0x00007ffbe3daa000 	C:\WINDOWS\SYSTEM32\VERSION.dll
0x00007ffbf3fd0000 - 0x00007ffbf403f000 	C:\WINDOWS\System32\ws2_32.DLL
0x00007ffbf18e0000 - 0x00007ffbf18f8000 	C:\WINDOWS\SYSTEM32\kernel.appcore.dll
0x00007ffbd3610000 - 0x00007ffbd3621000 	C:\Program Files\Android\Android Studio\jre\bin\verify.dll
0x00007ffbf00c0000 - 0x00007ffbf02e1000 	C:\WINDOWS\SYSTEM32\DBGHELP.DLL
0x00007ffbdd020000 - 0x00007ffbdd051000 	C:\WINDOWS\SYSTEM32\dbgcore.DLL
0x00007ffbf2bb0000 - 0x00007ffbf2c2f000 	C:\WINDOWS\System32\bcryptPrimitives.dll
0x00007ffbd35e0000 - 0x00007ffbd3609000 	C:\Program Files\Android\Android Studio\jre\bin\java.dll
0x00007ffbdff90000 - 0x00007ffbdff9b000 	C:\Program Files\Android\Android Studio\jre\bin\jimage.dll
0x00007ffbd34c0000 - 0x00007ffbd34d8000 	C:\Program Files\Android\Android Studio\jre\bin\zip.dll
0x00007ffbf3570000 - 0x00007ffbf3d28000 	C:\WINDOWS\System32\SHELL32.dll
0x00007ffbf0870000 - 0x00007ffbf10d5000 	C:\WINDOWS\SYSTEM32\windows.storage.dll
0x00007ffbf49c0000 - 0x00007ffbf4d38000 	C:\WINDOWS\System32\combase.dll
0x00007ffbf0700000 - 0x00007ffbf0866000 	C:\WINDOWS\SYSTEM32\wintypes.dll
0x00007ffbf46f0000 - 0x00007ffbf47da000 	C:\WINDOWS\System32\SHCORE.dll
0x00007ffbf3120000 - 0x00007ffbf317d000 	C:\WINDOWS\System32\shlwapi.dll
0x00007ffbf26a0000 - 0x00007ffbf26c1000 	C:\WINDOWS\SYSTEM32\profapi.dll
0x00007ffbd32f0000 - 0x00007ffbd330a000 	C:\Program Files\Android\Android Studio\jre\bin\net.dll
0x00007ffbefc10000 - 0x00007ffbefd24000 	C:\WINDOWS\SYSTEM32\WINHTTP.dll
0x00007ffbf1d80000 - 0x00007ffbf1de7000 	C:\WINDOWS\system32\mswsock.dll
0x00007ffbd32d0000 - 0x00007ffbd32e4000 	C:\Program Files\Android\Android Studio\jre\bin\nio.dll
0x00007ffbdb1b0000 - 0x00007ffbdb1d7000 	C:\Users\hmada\.gradle\native\e1d6ef7f7dcc3fd88c89a11ec53ec762bb8ba0a96d01ffa2cd45eb1d1d8dd5c5\windows-amd64\native-platform.dll
0x00007ffbdc460000 - 0x00007ffbdc46a000 	C:\Program Files\Android\Android Studio\jre\bin\management.dll
0x00007ffbdc2b0000 - 0x00007ffbdc2bd000 	C:\Program Files\Android\Android Studio\jre\bin\management_ext.dll
0x00007ffbf1fc0000 - 0x00007ffbf1fd8000 	C:\WINDOWS\SYSTEM32\CRYPTSP.dll
0x00007ffbf1840000 - 0x00007ffbf1875000 	C:\WINDOWS\system32\rsaenh.dll
0x00007ffbf1e70000 - 0x00007ffbf1e99000 	C:\WINDOWS\SYSTEM32\USERENV.dll
0x00007ffbf2150000 - 0x00007ffbf2177000 	C:\WINDOWS\SYSTEM32\bcrypt.dll
0x00007ffbf1fe0000 - 0x00007ffbf1fec000 	C:\WINDOWS\SYSTEM32\CRYPTBASE.dll
0x00007ffbf1400000 - 0x00007ffbf142d000 	C:\WINDOWS\SYSTEM32\IPHLPAPI.DLL
0x00007ffbf4130000 - 0x00007ffbf4139000 	C:\WINDOWS\System32\NSI.dll
0x00007ffbeadd0000 - 0x00007ffbeade9000 	C:\WINDOWS\SYSTEM32\dhcpcsvc6.DLL
0x00007ffbeae20000 - 0x00007ffbeae3e000 	C:\WINDOWS\SYSTEM32\dhcpcsvc.DLL
0x00007ffbf1430000 - 0x00007ffbf1518000 	C:\WINDOWS\SYSTEM32\DNSAPI.dll

dbghelp: loaded successfully - version: 4.0.5 - missing functions: none
symbol engine: initialized successfully - sym options: 0x614 - pdb path: .;C:\Program Files\Android\Android Studio\jre\bin;C:\WINDOWS\SYSTEM32;C:\WINDOWS\WinSxS\amd64_microsoft.windows.common-controls_6595b64144ccf1df_6.0.22000.120_none_9d947278b86cc467;C:\Program Files\Android\Android Studio\jre\bin\server;C:\Users\hmada\.gradle\native\e1d6ef7f7dcc3fd88c89a11ec53ec762bb8ba0a96d01ffa2cd45eb1d1d8dd5c5\windows-amd64

VM Arguments:
jvm_args: -Dorg.gradle.appname=gradlew 
java_command: org.gradle.wrapper.GradleWrapperMain -q -Ptarget-platform=android-arm64 -Ptarget=D:\Abgega Modified 2\abgegamodified\lib\main.dart -Pbase-application-name=android.app.Application -Pdart-defines=RkxVVFRFUl9XRUJfQVVUT19ERVRFQ1Q9dHJ1ZQ== -Pdart-obfuscation=false -Ptrack-widget-creation=true -Ptree-shake-icons=false -Pfilesystem-scheme=org-dartlang-root assembleDebug
java_class_path (initial): D:\Abgega Modified 2\abgegamodified\android\\gradle\wrapper\gradle-wrapper.jar
Launcher Type: SUN_STANDARD

[Global flags]
     intx CICompilerCount                          = 4                                         {product} {ergonomic}
     uint ConcGCThreads                            = 2                                         {product} {ergonomic}
     uint G1ConcRefinementThreads                  = 8                                         {product} {ergonomic}
   size_t G1HeapRegionSize                         = 1048576                                   {product} {ergonomic}
    uintx GCDrainStackTargetSize                   = 64                                        {product} {ergonomic}
   size_t InitialHeapSize                          = 132120576                                 {product} {ergonomic}
   size_t MarkStackSize                            = 4194304                                   {product} {ergonomic}
   size_t MaxHeapSize                              = 2090860544                                {product} {ergonomic}
   size_t MaxNewSize                               = 1254096896                                {product} {ergonomic}
   size_t MinHeapDeltaBytes                        = 1048576                                   {product} {ergonomic}
    uintx NonNMethodCodeHeapSize                   = 5836300                                {pd product} {ergonomic}
    uintx NonProfiledCodeHeapSize                  = 122910970                              {pd product} {ergonomic}
    uintx ProfiledCodeHeapSize                     = 122910970                              {pd product} {ergonomic}
    uintx ReservedCodeCacheSize                    = 251658240                              {pd product} {ergonomic}
     bool SegmentedCodeCache                       = true                                      {product} {ergonomic}
     bool UseCompressedClassPointers               = true                                 {lp64_product} {ergonomic}
     bool UseCompressedOops                        = true                                 {lp64_product} {ergonomic}
     bool UseG1GC                                  = true                                      {product} {ergonomic}
     bool UseLargePagesIndividualAllocation        = false                                  {pd product} {ergonomic}

Logging:
Log output configuration:
 #0: stdout all=warning uptime,level,tags
 #1: stderr all=off uptime,level,tags

Environment Variables:
JAVA_HOME=C:\Program Files\Android\Android Studio\jre
CLASSPATH=D:\Abgega Modified 2\abgegamodified\android\\gradle\wrapper\gradle-wrapper.jar
PATH=C:\Program Files\Common Files\Oracle\Java\javapath;C:\Program Files (x86)\Intel\Intel(R) Management Engine Components\iCLS\;C:\Program Files\Intel\Intel(R) Management Engine Components\iCLS\;C:\Windows\system32;C:\Windows;C:\Windows\System32\Wbem;C:\Windows\System32\WindowsPowerShell\v1.0\;C:\Windows\System32\OpenSSH\;C:\Program Files (x86)\Intel\Intel(R) Management Engine Components\DAL;C:\Program Files\Intel\Intel(R) Management Engine Components\DAL;C:\Program Files (x86)\NVIDIA Corporation\PhysX\Common;C:\Program Files (x86)\Yarn\bin\;C:\ProgramData\chocolatey\bin;C:\Program Files\Git\cmd;C:\Program Files\Intel\WiFi\bin\;C:\Program Files\Common Files\Intel\WirelessCommon\;C:\WINDOWS\system32;C:\WINDOWS;C:\WINDOWS\System32\Wbem;C:\WINDOWS\System32\WindowsPowerShell\v1.0\;C:\WINDOWS\System32\OpenSSH\;C:\Program Files\Dart\dart-sdk\bin;C:\Program Files\nodejs\;C:\Program Files\dotnet\;C:\Users\hmada\AppData\Local\Microsoft\WindowsApps;C:\Users\hmada\AppData\Local\Yarn\bin;C:\src\flutter\bin;C:\Users\hmada\AppData\Roaming\npm;C:\Users\hmada\AppData\Local\Programs\Microsoft VS Code\bin;D:\flutter\bin;C:\tools\dart-sdk\bin;C:\Users\hmada\AppData\Roaming\Pub\Cache\bin;;C:\src\flutter\bin\mingit\cmd
USERNAME=hmada
OS=Windows_NT
PROCESSOR_IDENTIFIER=Intel64 Family 6 Model 142 Stepping 11, GenuineIntel



---------------  S Y S T E M  ---------------

OS: Windows 11 , 64 bit Build 22000 (10.0.22000.1219)
OS uptime: 1 days 19:56 hours

CPU:total 8 (initial active 8) (4 cores per cpu, 2 threads per core) family 6 model 142 stepping 11 microcode 0xde, cmov, cx8, fxsr, mmx, sse, sse2, sse3, ssse3, sse4.1, sse4.2, popcnt, avx, avx2, aes, clmul, erms, 3dnowpref, lzcnt, ht, tsc, tscinvbit, bmi1, bmi2, adx, fma

Memory: 4k page, system-wide physical 7968M (539M free)
TotalPageFile size 22424M (AvailPageFile size 181M)
current process WorkingSet (physical memory assigned to process): 95M, peak: 100M
current process commit charge ("private bytes"): 224M, peak: 228M

vm_info: OpenJDK 64-Bit Server VM (11.0.13+0-b1751.21-8125866) for windows-amd64 JRE (11.0.13+0-b1751.21-8125866), built on Feb  2 2022 03:00:22 by "builder" with MS VC++ 14.0 (VS2015)

END.
